S3 Server: CREATE Bucket 746bkt
1692983234574185 1 0 4 0 CREATE Bucket
1692983244927842 2 0 4 0 LIST Server
1692983295880123 3 204 4 0 LIST Server
S3 Server: CREATE Bucket 746bkt
1692983337856736 4 408 4 0 CREATE Bucket
S3 Server: DELETE Bucket 746bkt
1692983415402377 5 408 4 0 DELETE Bucket
S3 Server: DELETE Bucket 746bkt
1692983425620129 6 408 4 0 DELETE Bucket
S3 Server: DELETE Bucket 746bkt
1692983447362403 7 408 4 0 DELETE Bucket
S3 Server: CREATE Bucket 746bkt
1692983494565609 8 408 4 0 CREATE Bucket
1692983612286094 9 408 12 12 PUT
1692983625126500 10 416 12 12 GET
1692983656187388 11 416 4 12 DELETE
S3 Server: DELETE Bucket 746bkt
1692983679470190 13 416 4 12 DELETE Bucket
S3 Server: DELETE Bucket 746bkt
1692983682322158 14 416 4 12 DELETE Bucket
